app/build/intermediates/manifest_merge_blame_file/debug/manifest-merger-blame-debug-report.txt
1<?xml version="1.0" encoding="utf-8"?>
2<manifest xmlns:android="http://schemas.android.com/apk/res/android"
3    package="com.paytabs.pt2sampleapp"
4    android:versionCode="2"
5    android:versionName="1.6" >
6
7    <uses-sdk
8        android:minSdkVersion="21"
8-->src\main\AndroidManifest.xml
9        android:targetSdkVersion="30" />
9-->src\main\AndroidManifest.xml
10
11    <uses-permission android:name="android.permission.INTERNET" />
11-->src\main\AndroidManifest.xml:5:5-66
11-->src\main\AndroidManifest.xml:5:22-64
12    <uses-permission android:name="android.permission.ACCESS_NETWORK_STATE" />
12-->[com.paytabs:payment-sdk:6.0.5] AndroidManifest.xml:11:5-79
12-->[com.paytabs:payment-sdk:6.0.5] AndroidManifest.xml:11:22-76
13    <uses-permission android:name="android.permission.READ_PHONE_STATE" />
13-->[com.paytabs:payment-sdk:6.0.5] AndroidManifest.xml:13:5-75
13-->[com.paytabs:payment-sdk:6.0.5] AndroidManifest.xml:13:22-72
14    <uses-permission android:name="android.permission.ACCESS_WIFI_STATE" />
14-->[com.paytabs:payment-sdk:6.0.5] AndroidManifest.xml:14:5-76
14-->[com.paytabs:payment-sdk:6.0.5] AndroidManifest.xml:14:22-73
15    <uses-permission android:name="android.permission.CAMERA" />
15-->[cards.pay:paycardsrecognizer:1.1.0] AndroidManifest.xml:11:5-65
15-->[cards.pay:paycardsrecognizer:1.1.0] AndroidManifest.xml:11:22-62
16    <uses-permission android:name="android.permission.FLASHLIGHT" />
16-->[cards.pay:paycardsrecognizer:1.1.0] AndroidManifest.xml:12:5-69
16-->[cards.pay:paycardsrecognizer:1.1.0] AndroidManifest.xml:12:22-66
17
18    <uses-feature
18-->[cards.pay:paycardsrecognizer:1.1.0] AndroidManifest.xml:14:5-16:36
19        android:name="android.hardware.CAMERA"
19-->[cards.pay:paycardsrecognizer:1.1.0] AndroidManifest.xml:15:9-47
20        android:required="false" />
20-->[cards.pay:paycardsrecognizer:1.1.0] AndroidManifest.xml:16:9-33
21    <uses-feature
21-->[cards.pay:paycardsrecognizer:1.1.0] AndroidManifest.xml:17:5-19:36
22        android:name="android.hardware.camera.AUTOFOCUS"
22-->[cards.pay:paycardsrecognizer:1.1.0] AndroidManifest.xml:18:9-57
23        android:required="false" />
23-->[cards.pay:paycardsrecognizer:1.1.0] AndroidManifest.xml:19:9-33
24    <uses-feature
24-->[cards.pay:paycardsrecognizer:1.1.0] AndroidManifest.xml:20:5-22:35
25        android:glEsVersion="0x00020000"
25-->[cards.pay:paycardsrecognizer:1.1.0] AndroidManifest.xml:21:9-41
26        android:required="true" />
26-->[cards.pay:paycardsrecognizer:1.1.0] AndroidManifest.xml:22:9-32
27
28    <application
28-->src\main\AndroidManifest.xml:6:5-21:19
29        android:allowBackup="true"
29-->src\main\AndroidManifest.xml:7:9-35
30        android:appComponentFactory="androidx.core.app.CoreComponentFactory"
30-->[androidx.core:core:1.6.0-alpha02] AndroidManifest.xml:24:18-86
31        android:debuggable="true"
32        android:icon="@mipmap/ic_launcher"
32-->src\main\AndroidManifest.xml:8:9-43
33        android:label="@string/app_name"
33-->src\main\AndroidManifest.xml:9:9-41
34        android:roundIcon="@mipmap/ic_launcher_round"
34-->src\main\AndroidManifest.xml:10:9-54
35        android:supportsRtl="true"
35-->src\main\AndroidManifest.xml:11:9-35
36        android:testOnly="true"
37        android:theme="@style/Theme.Pt2SampleApp" >
37-->src\main\AndroidManifest.xml:12:9-50
38        <activity android:name="com.paytabs.pt2sampleapp.MainActivityJava" />
38-->src\main\AndroidManifest.xml:13:9-87
38-->src\main\AndroidManifest.xml:13:19-75
39        <activity android:name="com.paytabs.pt2sampleapp.MainActivity" >
39-->src\main\AndroidManifest.xml:14:9-20:20
39-->src\main\AndroidManifest.xml:14:19-71
40            <intent-filter>
40-->src\main\AndroidManifest.xml:15:13-19:29
41                <action android:name="android.intent.action.MAIN" />
41-->src\main\AndroidManifest.xml:16:17-69
41-->src\main\AndroidManifest.xml:16:25-66
42
43                <category android:name="android.intent.category.LAUNCHER" />
43-->src\main\AndroidManifest.xml:18:17-77
43-->src\main\AndroidManifest.xml:18:27-74
44            </intent-filter>
45        </activity>
46        <activity android:name="com.paytabs.samsungpay.sample.SamsungPayActivity" />
46-->[:samsungpay] AndroidManifest.xml:12:9-85
46-->[:samsungpay] AndroidManifest.xml:12:19-82
47
48        <meta-data
48-->[:samsungpay] AndroidManifest.xml:14:9-16:57
49            android:name="debug_mode"
49-->[:samsungpay] AndroidManifest.xml:15:13-38
50            android:value="@string/gradle_debug_mode" />
50-->[:samsungpay] AndroidManifest.xml:16:13-54
51        <meta-data
51-->[:samsungpay] AndroidManifest.xml:17:9-19:65
52            android:name="spay_debug_api_key"
52-->[:samsungpay] AndroidManifest.xml:18:13-46
53            android:value="@string/gradle_spay_debug_api_key" />
53-->[:samsungpay] AndroidManifest.xml:19:13-62
54        <meta-data
54-->[:samsungpay] AndroidManifest.xml:20:9-22:36
55            android:name="spay_sdk_api_level"
55-->[:samsungpay] AndroidManifest.xml:21:13-46
56            android:value="2.11" />
56-->[:samsungpay] AndroidManifest.xml:22:13-33
57
58        <activity
58-->[com.paytabs:payment-sdk:6.0.5] AndroidManifest.xml:17:9-19:81
59            android:name="com.payment.paymentsdk.PaymentSdkActivity"
59-->[com.paytabs:payment-sdk:6.0.5] AndroidManifest.xml:18:13-69
60            android:theme="@style/Theme.MaterialComponents.Light.NoActionBar" />
60-->[com.paytabs:payment-sdk:6.0.5] AndroidManifest.xml:19:13-78
61        <activity
61-->[cards.pay:paycardsrecognizer:1.1.0] AndroidManifest.xml:25:9-27:59
62            android:name="cards.pay.paycardsrecognizer.sdk.ui.ScanCardActivity"
62-->[cards.pay:paycardsrecognizer:1.1.0] AndroidManifest.xml:26:13-80
63            android:theme="@style/wocr_RecognizerTheme" />
63-->[cards.pay:paycardsrecognizer:1.1.0] AndroidManifest.xml:27:13-56
64
65        <service
65-->[androidx.room:room-runtime:2.2.6] AndroidManifest.xml:25:9-28:40
66            android:name="androidx.room.MultiInstanceInvalidationService"
66-->[androidx.room:room-runtime:2.2.6] AndroidManifest.xml:26:13-74
67            android:directBootAware="true"
67-->[androidx.room:room-runtime:2.2.6] AndroidManifest.xml:27:13-43
68            android:exported="false" />
68-->[androidx.room:room-runtime:2.2.6] AndroidManifest.xml:28:13-37
69
70        <provider
70-->[androidx.lifecycle:lifecycle-process:2.2.0] AndroidManifest.xml:25:9-29:43
71            android:name="androidx.lifecycle.ProcessLifecycleOwnerInitializer"
71-->[androidx.lifecycle:lifecycle-process:2.2.0] AndroidManifest.xml:26:13-79
72            android:authorities="com.paytabs.pt2sampleapp.lifecycle-process"
72-->[androidx.lifecycle:lifecycle-process:2.2.0] AndroidManifest.xml:27:13-69
73            android:exported="false"
73-->[androidx.lifecycle:lifecycle-process:2.2.0] AndroidManifest.xml:28:13-37
74            android:multiprocess="true" />
74-->[androidx.lifecycle:lifecycle-process:2.2.0] AndroidManifest.xml:29:13-40
75    </application>
76
77</manifest>